Arguments: 
  /usr/bin/node /usr/share/yarn/bin/yarn.js start

PATH: 
  /usr/local/sbin:/usr/local/bin:/usr/sbin:/usr/bin:/sbin:/bin:/snap/bin

Yarn version: 
  1.17.3

Node version: 
  12.10.0

Platform: 
  linux x64

Trace: 
  Error: EACCES: permission denied, scandir '/home/chen/.config/yarn/link'

npm manifest: 
  {
    "name": "@tilnet/blocks",
    "version": "1.0.0",
    "scripts": {
      "start": "cgb-scripts start",
      "build": "cgb-scripts build",
      "eject": "cgb-scripts eject"
    },
    "dependencies": {
      "@tilnet/react-components": "^1.3.51",
      "cgb-scripts": "^1.3.1",
      "classnames": "^2.2.6"
    }
  }

yarn manifest: 
  No manifest

Lockfile: 
  No lockfile
